<?xml version="1.0" encoding="UTF-8"?>
<!-- Generated by org.testng.reporters.JUnitXMLReporter -->
<testsuite ignored="0" hostname="DESKTOP-BKS66NO" failures="0" tests="5" name="Firefox" time="0.016" errors="0" timestamp="2022-10-07T19:38:22 IST">
  <testcase classname="Testing.TestNG1" name="test1" time="0.0"/>
  <testcase classname="Testing.TestNG1" name="test2" time="0.001"/>
  <testcase classname="Testing.TestNG1" name="test3" time="0.0"/>
  <testcase classname="Testing.TestNG2" name="testA" time="0.001"/>
  <testcase classname="Testing.TestNG2" name="testB" time="0.001"/>
</testsuite> <!-- Firefox -->
